<?xml version="1.0" encoding="UTF-8"?>
<!-- Generated by org.testng.reporters.JUnitReportReporter -->
<testsuite hostname="DESKTOP-5BL4P1H" failures="0" tests="2" name="com.google.WebAutomation_Interview.testScripts.TA_Practice" time="25.016" errors="0" timestamp="2025-05-06T00:06:28 IST" skipped="0">
  <testcase classname="com.google.WebAutomation_Interview.testScripts.TA_Practice" name="launch" time="3.533"/>
  <system-out/>
  <testcase classname="com.google.WebAutomation_Interview.testScripts.TA_Practice" name="dateSelection1_day" time="21.483"/>
  <system-out/>
</testsuite> <!-- com.google.WebAutomation_Interview.testScripts.TA_Practice -->
