<?xml version="1.0" encoding="UTF-8"?>
<!-- Generated by org.testng.reporters.JUnitReportReporter -->
<testsuite hostname="DESKTOP-5BL4P1H" failures="0" tests="2" name="com.google.WebAutomation_Interview.testScripts.TA_Practice" time="11.993" errors="0" timestamp="2025-05-06T00:31:26 IST" skipped="0">
  <testcase classname="com.google.WebAutomation_Interview.testScripts.TA_Practice" name="launch" time="4.227"/>
  <system-out/>
  <testcase classname="com.google.WebAutomation_Interview.testScripts.TA_Practice" name="dateSelection1_day" time="7.766"/>
  <system-out/>
</testsuite> <!-- com.google.WebAutomation_Interview.testScripts.TA_Practice -->
